[ 2018-09-23T21:50:54+08:00 ] 58.213.53.73 /admin.php
INFO: [ app_init ] --START--
INFO: Run Behavior\BuildLiteBehavior [ RunTime:0.000000s ]
INFO: [ app_init ] --END-- [ RunTime:0.000000s ]
INFO: [ app_begin ] --START--
INFO: Run Behavior\ReadHtmlCacheBehavior [ RunTime:0.000000s ]
INFO: [ app_begin ] --END-- [ RunTime:0.000000s ]
SQL: SHOW COLUMNS FROM `zq_manager` [ RunTime:0.0156s ]
SQL: SELECT * FROM `zq_manager` LIMIT 1   [ RunTime:0.0000s ]
SQL: SHOW COLUMNS FROM `zq_auth` [ RunTime:0.0156s ]
SQL: SELECT `auth_c`,`auth_a` FROM `zq_auth` WHERE ( auth_jichu=2 )  [ RunTime:0.0000s ]
NOTIC: [8] Undefined variable: s D:\home\ftp\y\ymrzxdnk120com\wwwroot\app\Tools\AdminController.class.php 第 33 行.
SQL: SHOW COLUMNS FROM `zq_role` [ RunTime:0.0000s ]
SQL: SELECT * FROM `zq_role` WHERE `role_id` = 52 LIMIT 1   [ RunTime:0.0000s ]

[ 2018-09-23T21:50:54+08:00 ] 58.213.53.73 /admin.php/Manager/login
INFO: [ app_init ] --START--
INFO: Run Behavior\BuildLiteBehavior [ RunTime:0.000000s ]
INFO: [ app_init ] --END-- [ RunTime:0.000000s ]
INFO: [ app_begin ] --START--
INFO: Run Behavior\ReadHtmlCacheBehavior [ RunTime:0.000000s ]
INFO: [ app_begin ] --END-- [ RunTime:0.000000s ]
SQL: SHOW COLUMNS FROM `zq_manager` [ RunTime:0.0000s ]
SQL: SELECT * FROM `zq_manager` LIMIT 1   [ RunTime:0.0000s ]
SQL: SHOW COLUMNS FROM `zq_auth` [ RunTime:0.0156s ]
SQL: SELECT `auth_c`,`auth_a` FROM `zq_auth` WHERE ( auth_jichu=2 )  [ RunTime:0.0000s ]
NOTIC: [8] Undefined variable: s D:\home\ftp\y\ymrzxdnk120com\wwwroot\app\Tools\AdminController.class.php 第 33 行.
SQL: SHOW COLUMNS FROM `zq_role` [ RunTime:0.0156s ]
SQL: SELECT * FROM `zq_role` WHERE `role_id` = 52 LIMIT 1   [ RunTime:0.0000s ]
INFO: [ view_parse ] --START--
INFO: [ template_filter ] --START--
INFO: Run Behavior\ContentReplaceBehavior [ RunTime:0.000000s ]
INFO: [ template_filter ] --END-- [ RunTime:0.000000s ]
INFO: Run Behavior\ParseTemplateBehavior [ RunTime:0.031200s ]
INFO: [ view_parse ] --END-- [ RunTime:0.031200s ]
INFO: [ view_filter ] --START--
INFO: Run Behavior\WriteHtmlCacheBehavior [ RunTime:0.000000s ]
INFO: [ view_filter ] --END-- [ RunTime:0.000000s ]
INFO: [ app_end ] --START--
INFO: Run Behavior\ShowPageTraceBehavior [ RunTime:0.000000s ]
INFO: [ app_end ] --END-- [ RunTime:0.000000s ]

[ 2018-09-23T21:51:04+08:00 ] 58.213.53.73 /admin.php/Manager/check
INFO: [ app_init ] --START--
INFO: Run Behavior\BuildLiteBehavior [ RunTime:0.000000s ]
INFO: [ app_init ] --END-- [ RunTime:0.000000s ]
INFO: [ app_begin ] --START--
INFO: Run Behavior\ReadHtmlCacheBehavior [ RunTime:0.000000s ]
INFO: [ app_begin ] --END-- [ RunTime:0.000000s ]
SQL: SHOW COLUMNS FROM `zq_manager` [ RunTime:0.0000s ]
SQL: SELECT * FROM `zq_manager` LIMIT 1   [ RunTime:0.0000s ]
SQL: SHOW COLUMNS FROM `zq_auth` [ RunTime:0.0156s ]
SQL: SELECT `auth_c`,`auth_a` FROM `zq_auth` WHERE ( auth_jichu=2 )  [ RunTime:0.0000s ]
NOTIC: [8] Undefined variable: s D:\home\ftp\y\ymrzxdnk120com\wwwroot\app\Tools\AdminController.class.php 第 33 行.
SQL: SHOW COLUMNS FROM `zq_role` [ RunTime:0.0156s ]
SQL: SELECT * FROM `zq_role` WHERE `role_id` = 52 LIMIT 1   [ RunTime:0.0000s ]
SQL: SELECT * FROM `zq_manager` WHERE `mg_name` = '沐保朝' AND `mg_pwd` = '190' LIMIT 1   [ RunTime:0.0000s ]

[ 2018-09-23T21:51:05+08:00 ] 58.213.53.73 /admin.php
INFO: [ app_init ] --START--
INFO: Run Behavior\BuildLiteBehavior [ RunTime:0.000000s ]
INFO: [ app_init ] --END-- [ RunTime:0.000000s ]
INFO: [ app_begin ] --START--
INFO: Run Behavior\ReadHtmlCacheBehavior [ RunTime:0.000000s ]
INFO: [ app_begin ] --END-- [ RunTime:0.000000s ]
SQL: SHOW COLUMNS FROM `zq_manager` [ RunTime:0.0000s ]
SQL: SELECT * FROM `zq_manager` WHERE `mg_id` = 66 LIMIT 1   [ RunTime:0.0000s ]
SQL: SHOW COLUMNS FROM `zq_auth` [ RunTime:0.0156s ]
SQL: SELECT `auth_c`,`auth_a` FROM `zq_auth` WHERE ( auth_jichu=2 )  [ RunTime:0.0000s ]
NOTIC: [8] Undefined variable: s D:\home\ftp\y\ymrzxdnk120com\wwwroot\app\Tools\AdminController.class.php 第 33 行.
SQL: SHOW COLUMNS FROM `zq_role` [ RunTime:0.0156s ]
SQL: SELECT * FROM `zq_role` WHERE `role_id` = 58 LIMIT 1   [ RunTime:0.0000s ]
INFO: [ view_parse ] --START--
INFO: [ template_filter ] --START--
INFO: Run Behavior\ContentReplaceBehavior [ RunTime:0.000000s ]
INFO: [ template_filter ] --END-- [ RunTime:0.000000s ]
INFO: Run Behavior\ParseTemplateBehavior [ RunTime:0.015600s ]
INFO: [ view_parse ] --END-- [ RunTime:0.015600s ]
INFO: [ view_filter ] --START--
INFO: Run Behavior\WriteHtmlCacheBehavior [ RunTime:0.000000s ]
INFO: [ view_filter ] --END-- [ RunTime:0.000000s ]
INFO: [ app_end ] --START--
INFO: Run Behavior\ShowPageTraceBehavior [ RunTime:0.000000s ]
INFO: [ app_end ] --END-- [ RunTime:0.000000s ]

[ 2018-09-23T21:51:06+08:00 ] 58.213.53.73 /admin.php/Index/left.html
INFO: [ app_init ] --START--
INFO: Run Behavior\BuildLiteBehavior [ RunTime:0.000000s ]
INFO: [ app_init ] --END-- [ RunTime:0.000000s ]
INFO: [ app_begin ] --START--
INFO: Run Behavior\ReadHtmlCacheBehavior [ RunTime:0.000000s ]
INFO: [ app_begin ] --END-- [ RunTime:0.000000s ]
SQL: SHOW COLUMNS FROM `zq_manager` [ RunTime:0.0000s ]
SQL: SELECT * FROM `zq_manager` WHERE `mg_id` = 66 LIMIT 1   [ RunTime:0.0000s ]
SQL: SHOW COLUMNS FROM `zq_auth` [ RunTime:0.0156s ]
SQL: SELECT `auth_c`,`auth_a` FROM `zq_auth` WHERE ( auth_jichu=2 )  [ RunTime:0.0000s ]
NOTIC: [8] Undefined variable: s D:\home\ftp\y\ymrzxdnk120com\wwwroot\app\Tools\AdminController.class.php 第 33 行.
SQL: SHOW COLUMNS FROM `zq_role` [ RunTime:0.0156s ]
SQL: SELECT * FROM `zq_role` WHERE `role_id` = 58 LIMIT 1   [ RunTime:0.0000s ]
SQL: SELECT * FROM `zq_manager` WHERE `mg_id` = 66 LIMIT 1   [ RunTime:0.0000s ]
SQL: SELECT * FROM `zq_role` WHERE `role_id` = 58 LIMIT 1   [ RunTime:0.0000s ]
SQL: SELECT * FROM `zq_auth` WHERE ( auth_id in (103,118,119,105,125,128,129,130,153,154,155,156,157,158,159,160,161,162,163,164,165,166,167,168,169,170,171,172,173,174,175,176,177,182,183,184,185,187) and auth_level=0 and auth_show=1 ) ORDER BY auth_weight  [ RunTime:0.0000s ]
SQL: SELECT * FROM `zq_auth` WHERE ( auth_id in (103,118,119,105,125,128,129,130,153,154,155,156,157,158,159,160,161,162,163,164,165,166,167,168,169,170,171,172,173,174,175,176,177,182,183,184,185,187) and auth_level=1 and auth_show=1 ) ORDER BY auth_weight  [ RunTime:0.0000s ]
INFO: [ view_parse ] --START--
INFO: [ template_filter ] --START--
INFO: Run Behavior\ContentReplaceBehavior [ RunTime:0.000000s ]
INFO: [ template_filter ] --END-- [ RunTime:0.000000s ]
INFO: Run Behavior\ParseTemplateBehavior [ RunTime:0.015600s ]
INFO: [ view_parse ] --END-- [ RunTime:0.015600s ]
INFO: [ view_filter ] --START--
INFO: Run Behavior\WriteHtmlCacheBehavior [ RunTime:0.000000s ]
INFO: [ view_filter ] --END-- [ RunTime:0.000000s ]
INFO: [ app_end ] --START--
INFO: Run Behavior\ShowPageTraceBehavior [ RunTime:0.000000s ]
INFO: [ app_end ] --END-- [ RunTime:0.000000s ]

[ 2018-09-23T21:51:06+08:00 ] 58.213.53.73 /admin.php/Index/content.html
INFO: [ app_init ] --START--
INFO: Run Behavior\BuildLiteBehavior [ RunTime:0.000000s ]
INFO: [ app_init ] --END-- [ RunTime:0.000000s ]
INFO: [ app_begin ] --START--
INFO: Run Behavior\ReadHtmlCacheBehavior [ RunTime:0.000000s ]
INFO: [ app_begin ] --END-- [ RunTime:0.000000s ]
SQL: SHOW COLUMNS FROM `zq_manager` [ RunTime:0.0000s ]
SQL: SELECT * FROM `zq_manager` WHERE `mg_id` = 66 LIMIT 1   [ RunTime:0.0000s ]
SQL: SHOW COLUMNS FROM `zq_auth` [ RunTime:0.0000s ]
SQL: SELECT `auth_c`,`auth_a` FROM `zq_auth` WHERE ( auth_jichu=2 )  [ RunTime:0.0000s ]
NOTIC: [8] Undefined variable: s D:\home\ftp\y\ymrzxdnk120com\wwwroot\app\Tools\AdminController.class.php 第 33 行.
SQL: SHOW COLUMNS FROM `zq_role` [ RunTime:0.0156s ]
SQL: SELECT * FROM `zq_role` WHERE `role_id` = 58 LIMIT 1   [ RunTime:0.0000s ]
SQL: SELECT * FROM `zq_manager` WHERE `mg_id` = 66 LIMIT 1   [ RunTime:0.0000s ]
SQL: SHOW COLUMNS FROM `zq_xm` [ RunTime:0.0156s ]
SQL: SELECT `xm_name` FROM `zq_xm` WHERE `xm_id` IN ('4','5','6','7','22')  [ RunTime:0.0000s ]
SQL: SELECT `xm_id`,`xm_name` FROM `zq_xm` WHERE `xm_id` IN ('4','5','6','7','22')  [ RunTime:0.0000s ]
SQL: SHOW COLUMNS FROM `zq_zhu` [ RunTime:0.0156s ]
SQL: SELECT COUNT(*) AS tp_count FROM `zq_zhu` WHERE ( zhu_xm = '4' ) LIMIT 1   [ RunTime:0.0000s ]
NOTIC: [8] Undefined variable: quan_num D:\home\ftp\y\ymrzxdnk120com\wwwroot\app\Admin\Controller\IndexController.class.php 第 197 行.
SQL: SELECT COUNT(*) AS tp_count FROM `zq_zhu` WHERE `zhu_xm` = 4 AND `zhu_dq` BETWEEN 1537632000 AND 1542988799 LIMIT 1   [ RunTime:0.0000s ]
NOTIC: [8] Undefined variable: quan_one_num D:\home\ftp\y\ymrzxdnk120com\wwwroot\app\Admin\Controller\IndexController.class.php 第 202 行.
SQL: SELECT COUNT(*) AS tp_count FROM `zq_zhu` WHERE ( zhu_xm = '5' ) LIMIT 1   [ RunTime:0.0000s ]
SQL: SELECT COUNT(*) AS tp_count FROM `zq_zhu` WHERE `zhu_xm` = 5 AND `zhu_dq` BETWEEN 1537632000 AND 1542988799 LIMIT 1   [ RunTime:0.0000s ]
SQL: SELECT COUNT(*) AS tp_count FROM `zq_zhu` WHERE ( zhu_xm = '6' ) LIMIT 1   [ RunTime:0.0000s ]
SQL: SELECT COUNT(*) AS tp_count FROM `zq_zhu` WHERE `zhu_xm` = 6 AND `zhu_dq` BETWEEN 1537632000 AND 1542988799 LIMIT 1   [ RunTime:0.0000s ]
SQL: SELECT COUNT(*) AS tp_count FROM `zq_zhu` WHERE ( zhu_xm = '7' ) LIMIT 1   [ RunTime:0.0000s ]
SQL: SELECT COUNT(*) AS tp_count FROM `zq_zhu` WHERE `zhu_xm` = 7 AND `zhu_dq` BETWEEN 1537632000 AND 1542988799 LIMIT 1   [ RunTime:0.0000s ]
SQL: SELECT COUNT(*) AS tp_count FROM `zq_zhu` WHERE ( zhu_xm = '22' ) LIMIT 1   [ RunTime:0.0000s ]
SQL: SELECT COUNT(*) AS tp_count FROM `zq_zhu` WHERE `zhu_xm` = 22 AND `zhu_dq` BETWEEN 1537632000 AND 1542988799 LIMIT 1   [ RunTime:0.0000s ]
INFO: [ view_parse ] --START--
INFO: [ template_filter ] --START--
INFO: Run Behavior\ContentReplaceBehavior [ RunTime:0.000000s ]
INFO: [ template_filter ] --END-- [ RunTime:0.000000s ]
NOTIC: [8] Use of undefined constant admin_id - assumed 'admin_id' D:\home\ftp\y\ymrzxdnk120com\wwwroot\app\Runtime\Cache\Admin\971cdb43735515843ca4df345c2f5a62.php 第 46 行.
NOTIC: [8] Use of undefined constant admin_id - assumed 'admin_id' D:\home\ftp\y\ymrzxdnk120com\wwwroot\app\Runtime\Cache\Admin\971cdb43735515843ca4df345c2f5a62.php 第 54 行.
INFO: Run Behavior\ParseTemplateBehavior [ RunTime:0.046801s ]
INFO: [ view_parse ] --END-- [ RunTime:0.046801s ]
INFO: [ view_filter ] --START--
INFO: Run Behavior\WriteHtmlCacheBehavior [ RunTime:0.000000s ]
INFO: [ view_filter ] --END-- [ RunTime:0.000000s ]
INFO: [ app_end ] --START--
INFO: Run Behavior\ShowPageTraceBehavior [ RunTime:0.000000s ]
INFO: [ app_end ] --END-- [ RunTime:0.000000s ]

[ 2018-09-23T23:00:31+08:00 ] 42.236.10.106 /admin.php/index/content.html
INFO: [ app_init ] --START--
INFO: Run Behavior\BuildLiteBehavior [ RunTime:0.000000s ]
INFO: [ app_init ] --END-- [ RunTime:0.000000s ]
INFO: [ app_begin ] --START--
INFO: Run Behavior\ReadHtmlCacheBehavior [ RunTime:0.015600s ]
INFO: [ app_begin ] --END-- [ RunTime:0.015600s ]
SQL: SHOW COLUMNS FROM `zq_manager` [ RunTime:0.0156s ]
SQL: SELECT * FROM `zq_manager` LIMIT 1   [ RunTime:0.0000s ]
SQL: SHOW COLUMNS FROM `zq_auth` [ RunTime:0.0156s ]
SQL: SELECT `auth_c`,`auth_a` FROM `zq_auth` WHERE ( auth_jichu=2 )  [ RunTime:0.0000s ]
NOTIC: [8] Undefined variable: s D:\home\ftp\y\ymrzxdnk120com\wwwroot\app\Tools\AdminController.class.php 第 33 行.
SQL: SHOW COLUMNS FROM `zq_role` [ RunTime:0.0156s ]
SQL: SELECT * FROM `zq_role` WHERE `role_id` = 52 LIMIT 1   [ RunTime:0.0000s ]
SQL: SELECT * FROM `zq_manager` LIMIT 1   [ RunTime:0.0000s ]
SQL: SHOW COLUMNS FROM `zq_xm` [ RunTime:0.0000s ]
SQL: SELECT `xm_name` FROM `zq_xm` WHERE `xm_id` IN ('')  [ RunTime:0.0000s ]
SQL: SELECT `xm_id`,`xm_name` FROM `zq_xm` WHERE `xm_id` IN ('')  [ RunTime:0.0000s ]
SQL: SHOW COLUMNS FROM `zq_zhu` [ RunTime:0.0000s ]
SQL: SELECT COUNT(*) AS tp_count FROM `zq_zhu` WHERE ( zhu_xm = '' ) LIMIT 1   [ RunTime:0.0000s ]
NOTIC: [8] Undefined variable: quan_num D:\home\ftp\y\ymrzxdnk120com\wwwroot\app\Admin\Controller\IndexController.class.php 第 197 行.
SQL: SELECT COUNT(*) AS tp_count FROM `zq_zhu` WHERE `zhu_xm` = 0 AND `zhu_dq` BETWEEN 1537632000 AND 1542988799 LIMIT 1   [ RunTime:0.0000s ]
NOTIC: [8] Undefined variable: quan_one_num D:\home\ftp\y\ymrzxdnk120com\wwwroot\app\Admin\Controller\IndexController.class.php 第 202 行.
INFO: [ view_parse ] --START--
INFO: [ template_filter ] --START--
INFO: Run Behavior\ContentReplaceBehavior [ RunTime:0.000000s ]
INFO: [ template_filter ] --END-- [ RunTime:0.000000s ]
NOTIC: [8] Use of undefined constant admin_id - assumed 'admin_id' D:\home\ftp\y\ymrzxdnk120com\wwwroot\app\Runtime\Cache\Admin\971cdb43735515843ca4df345c2f5a62.php 第 46 行.
NOTIC: [8] Use of undefined constant admin_id - assumed 'admin_id' D:\home\ftp\y\ymrzxdnk120com\wwwroot\app\Runtime\Cache\Admin\971cdb43735515843ca4df345c2f5a62.php 第 54 行.
INFO: Run Behavior\ParseTemplateBehavior [ RunTime:0.046800s ]
INFO: [ view_parse ] --END-- [ RunTime:0.046800s ]
INFO: [ view_filter ] --START--
INFO: Run Behavior\WriteHtmlCacheBehavior [ RunTime:0.000000s ]
INFO: [ view_filter ] --END-- [ RunTime:0.000000s ]
INFO: [ app_end ] --START--
INFO: Run Behavior\ShowPageTraceBehavior [ RunTime:0.000000s ]
INFO: [ app_end ] --END-- [ RunTime:0.000000s ]

